<?xml version="1.0" encoding="UTF-8"?>
<testng-results skipped="0" failed="0" ignored="0" total="20" passed="20">
  <reporter-output>
  </reporter-output>
  <suite name="book-flight-module" duration-ms="33931" started-at="2019-11-04T22:03:17 GMT" finished-at="2019-11-04T22:03:50 GMT">
    <groups>
    </groups>
    <test name="book-flight-1" duration-ms="8756" started-at="2019-11-04T22:03:17 GMT" finished-at="2019-11-04T22:03:25 GMT">
      <class name="com.newtours.tests.BookFlightTest">
        <test-method status="PASS" signature="setupDriver(org.testng.ITestContext)[pri:0, instance:com.newtours.tests.BookFlightTest@61a485d2]" name="setupDriver" is-config="true" duration-ms="2052" started-at="2019-11-04T22:03:17 GMT" finished-at="2019-11-04T22:03:19 GMT">
          <params>
            <param index="0">
              <value>
                <![CDATA[org.testng.TestRunner@363f6148]]>
              </value>
            </param>
          </params>
          <reporter-output>
          </reporter-output>
        </test-method> <!-- setupDriver -->
        <test-method status="PASS" signature="setupParameters(java.lang.String, java.lang.String)[pri:0, instance:com.newtours.tests.BookFlightTest@61a485d2]" name="setupParameters" is-config="true" duration-ms="2" started-at="2019-11-04T22:03:19 GMT" depends-on-methods="com.tests.BaseTest.setupDriver" finished-at="2019-11-04T22:03:19 GMT">
          <params>
            <param index="0">
              <value>
                <![CDATA[1]]>
              </value>
            </param>
            <param index="1">
              <value>
                <![CDATA[$584 USD]]>
              </value>
            </param>
          </params>
          <reporter-output>
          </reporter-output>
        </test-method> <!-- setupParameters -->
        <test-method status="PASS" signature="registrationPage()[pri:0, instance:com.newtours.tests.BookFlightTest@61a485d2]" name="registrationPage" duration-ms="2668" started-at="2019-11-04T22:03:19 GMT" finished-at="2019-11-04T22:03:21 GMT">
          <reporter-output>
          </reporter-output>
        </test-method> <!-- registrationPage -->
        <test-method status="PASS" signature="registrationConfirmationPage()[pri:0, instance:com.newtours.tests.BookFlightTest@61a485d2]" name="registrationConfirmationPage" duration-ms="742" started-at="2019-11-04T22:03:21 GMT" depends-on-methods="com.newtours.tests.BookFlightTest.registrationPage" finished-at="2019-11-04T22:03:22 GMT">
          <reporter-output>
          </reporter-output>
        </test-method> <!-- registrationConfirmationPage -->
        <test-method status="PASS" signature="flightDetailsPage()[pri:0, instance:com.newtours.tests.BookFlightTest@61a485d2]" name="flightDetailsPage" duration-ms="690" started-at="2019-11-04T22:03:22 GMT" depends-on-methods="com.newtours.tests.BookFlightTest.registrationConfirmationPage" finished-at="2019-11-04T22:03:23 GMT">
          <reporter-output>
          </reporter-output>
        </test-method> <!-- flightDetailsPage -->
        <test-method status="PASS" signature="findFlightPage()[pri:0, instance:com.newtours.tests.BookFlightTest@61a485d2]" name="findFlightPage" duration-ms="1598" started-at="2019-11-04T22:03:23 GMT" depends-on-methods="com.newtours.tests.BookFlightTest.flightDetailsPage" finished-at="2019-11-04T22:03:24 GMT">
          <reporter-output>
          </reporter-output>
        </test-method> <!-- findFlightPage -->
        <test-method status="PASS" signature="flightConfirmationPage()[pri:0, instance:com.newtours.tests.BookFlightTest@61a485d2]" name="flightConfirmationPage" duration-ms="905" started-at="2019-11-04T22:03:24 GMT" depends-on-methods="com.newtours.tests.BookFlightTest.findFlightPage" finished-at="2019-11-04T22:03:25 GMT">
          <reporter-output>
          </reporter-output>
        </test-method> <!-- flightConfirmationPage -->
        <test-method status="PASS" signature="closeDriver()[pri:0, instance:com.newtours.tests.BookFlightTest@61a485d2]" name="closeDriver" is-config="true" duration-ms="60" started-at="2019-11-04T22:03:25 GMT" finished-at="2019-11-04T22:03:25 GMT">
          <reporter-output>
          </reporter-output>
        </test-method> <!-- closeDriver -->
      </class> <!-- com.newtours.tests.BookFlightTest -->
    </test> <!-- book-flight-1 -->
    <test name="book-flight-2" duration-ms="11454" started-at="2019-11-04T22:03:25 GMT" finished-at="2019-11-04T22:03:37 GMT">
      <class name="com.newtours.tests.BookFlightTest">
        <test-method status="PASS" signature="setupDriver(org.testng.ITestContext)[pri:0, instance:com.newtours.tests.BookFlightTest@23ceabc1]" name="setupDriver" is-config="true" duration-ms="764" started-at="2019-11-04T22:03:25 GMT" finished-at="2019-11-04T22:03:26 GMT">
          <params>
            <param index="0">
              <value>
                <![CDATA[org.testng.TestRunner@4b21844c]]>
              </value>
            </param>
          </params>
          <reporter-output>
          </reporter-output>
        </test-method> <!-- setupDriver -->
        <test-method status="PASS" signature="setupParameters(java.lang.String, java.lang.String)[pri:0, instance:com.newtours.tests.BookFlightTest@23ceabc1]" name="setupParameters" is-config="true" duration-ms="0" started-at="2019-11-04T22:03:26 GMT" depends-on-methods="com.tests.BaseTest.setupDriver" finished-at="2019-11-04T22:03:26 GMT">
          <params>
            <param index="0">
              <value>
                <![CDATA[2]]>
              </value>
            </param>
            <param index="1">
              <value>
                <![CDATA[$1169 USD]]>
              </value>
            </param>
          </params>
          <reporter-output>
          </reporter-output>
        </test-method> <!-- setupParameters -->
        <test-method status="PASS" signature="registrationPage()[pri:0, instance:com.newtours.tests.BookFlightTest@23ceabc1]" name="registrationPage" duration-ms="2475" started-at="2019-11-04T22:03:26 GMT" finished-at="2019-11-04T22:03:29 GMT">
          <reporter-output>
          </reporter-output>
        </test-method> <!-- registrationPage -->
        <test-method status="PASS" signature="registrationConfirmationPage()[pri:0, instance:com.newtours.tests.BookFlightTest@23ceabc1]" name="registrationConfirmationPage" duration-ms="643" started-at="2019-11-04T22:03:29 GMT" depends-on-methods="com.newtours.tests.BookFlightTest.registrationPage" finished-at="2019-11-04T22:03:29 GMT">
          <reporter-output>
          </reporter-output>
        </test-method> <!-- registrationConfirmationPage -->
        <test-method status="PASS" signature="flightDetailsPage()[pri:0, instance:com.newtours.tests.BookFlightTest@23ceabc1]" name="flightDetailsPage" duration-ms="682" started-at="2019-11-04T22:03:29 GMT" depends-on-methods="com.newtours.tests.BookFlightTest.registrationConfirmationPage" finished-at="2019-11-04T22:03:30 GMT">
          <reporter-output>
          </reporter-output>
        </test-method> <!-- flightDetailsPage -->
        <test-method status="PASS" signature="findFlightPage()[pri:0, instance:com.newtours.tests.BookFlightTest@23ceabc1]" name="findFlightPage" duration-ms="5701" started-at="2019-11-04T22:03:30 GMT" depends-on-methods="com.newtours.tests.BookFlightTest.flightDetailsPage" finished-at="2019-11-04T22:03:36 GMT">
          <reporter-output>
          </reporter-output>
        </test-method> <!-- findFlightPage -->
        <test-method status="PASS" signature="flightConfirmationPage()[pri:0, instance:com.newtours.tests.BookFlightTest@23ceabc1]" name="flightConfirmationPage" duration-ms="1122" started-at="2019-11-04T22:03:36 GMT" depends-on-methods="com.newtours.tests.BookFlightTest.findFlightPage" finished-at="2019-11-04T22:03:37 GMT">
          <reporter-output>
          </reporter-output>
        </test-method> <!-- flightConfirmationPage -->
        <test-method status="PASS" signature="closeDriver()[pri:0, instance:com.newtours.tests.BookFlightTest@23ceabc1]" name="closeDriver" is-config="true" duration-ms="61" started-at="2019-11-04T22:03:37 GMT" finished-at="2019-11-04T22:03:37 GMT">
          <reporter-output>
          </reporter-output>
        </test-method> <!-- closeDriver -->
      </class> <!-- com.newtours.tests.BookFlightTest -->
    </test> <!-- book-flight-2 -->
    <test name="book-flight-3" duration-ms="6777" started-at="2019-11-04T22:03:37 GMT" finished-at="2019-11-04T22:03:44 GMT">
      <class name="com.newtours.tests.BookFlightTest">
        <test-method status="PASS" signature="setupDriver(org.testng.ITestContext)[pri:0, instance:com.newtours.tests.BookFlightTest@6d00a15d]" name="setupDriver" is-config="true" duration-ms="588" started-at="2019-11-04T22:03:37 GMT" finished-at="2019-11-04T22:03:37 GMT">
          <params>
            <param index="0">
              <value>
                <![CDATA[org.testng.TestRunner@1b28f282]]>
              </value>
            </param>
          </params>
          <reporter-output>
          </reporter-output>
        </test-method> <!-- setupDriver -->
        <test-method status="PASS" signature="setupParameters(java.lang.String, java.lang.String)[pri:0, instance:com.newtours.tests.BookFlightTest@6d00a15d]" name="setupParameters" is-config="true" duration-ms="0" started-at="2019-11-04T22:03:37 GMT" depends-on-methods="com.tests.BaseTest.setupDriver" finished-at="2019-11-04T22:03:37 GMT">
          <params>
            <param index="0">
              <value>
                <![CDATA[3]]>
              </value>
            </param>
            <param index="1">
              <value>
                <![CDATA[$1753 USD]]>
              </value>
            </param>
          </params>
          <reporter-output>
          </reporter-output>
        </test-method> <!-- setupParameters -->
        <test-method status="PASS" signature="registrationPage()[pri:0, instance:com.newtours.tests.BookFlightTest@6d00a15d]" name="registrationPage" duration-ms="2345" started-at="2019-11-04T22:03:37 GMT" finished-at="2019-11-04T22:03:40 GMT">
          <reporter-output>
          </reporter-output>
        </test-method> <!-- registrationPage -->
        <test-method status="PASS" signature="registrationConfirmationPage()[pri:0, instance:com.newtours.tests.BookFlightTest@6d00a15d]" name="registrationConfirmationPage" duration-ms="624" started-at="2019-11-04T22:03:40 GMT" depends-on-methods="com.newtours.tests.BookFlightTest.registrationPage" finished-at="2019-11-04T22:03:40 GMT">
          <reporter-output>
          </reporter-output>
        </test-method> <!-- registrationConfirmationPage -->
        <test-method status="PASS" signature="flightDetailsPage()[pri:0, instance:com.newtours.tests.BookFlightTest@6d00a15d]" name="flightDetailsPage" duration-ms="683" started-at="2019-11-04T22:03:40 GMT" depends-on-methods="com.newtours.tests.BookFlightTest.registrationConfirmationPage" finished-at="2019-11-04T22:03:41 GMT">
          <reporter-output>
          </reporter-output>
        </test-method> <!-- flightDetailsPage -->
        <test-method status="PASS" signature="findFlightPage()[pri:0, instance:com.newtours.tests.BookFlightTest@6d00a15d]" name="findFlightPage" duration-ms="1581" started-at="2019-11-04T22:03:41 GMT" depends-on-methods="com.newtours.tests.BookFlightTest.flightDetailsPage" finished-at="2019-11-04T22:03:43 GMT">
          <reporter-output>
          </reporter-output>
        </test-method> <!-- findFlightPage -->
        <test-method status="PASS" signature="flightConfirmationPage()[pri:0, instance:com.newtours.tests.BookFlightTest@6d00a15d]" name="flightConfirmationPage" duration-ms="890" started-at="2019-11-04T22:03:43 GMT" depends-on-methods="com.newtours.tests.BookFlightTest.findFlightPage" finished-at="2019-11-04T22:03:44 GMT">
          <reporter-output>
          </reporter-output>
        </test-method> <!-- flightConfirmationPage -->
        <test-method status="PASS" signature="closeDriver()[pri:0, instance:com.newtours.tests.BookFlightTest@6d00a15d]" name="closeDriver" is-config="true" duration-ms="62" started-at="2019-11-04T22:03:44 GMT" finished-at="2019-11-04T22:03:44 GMT">
          <reporter-output>
          </reporter-output>
        </test-method> <!-- closeDriver -->
      </class> <!-- com.newtours.tests.BookFlightTest -->
    </test> <!-- book-flight-3 -->
    <test name="book-flight-4" duration-ms="6782" started-at="2019-11-04T22:03:44 GMT" finished-at="2019-11-04T22:03:50 GMT">
      <class name="com.newtours.tests.BookFlightTest">
        <test-method status="PASS" signature="setupDriver(org.testng.ITestContext)[pri:0, instance:com.newtours.tests.BookFlightTest@58651fd0]" name="setupDriver" is-config="true" duration-ms="623" started-at="2019-11-04T22:03:44 GMT" finished-at="2019-11-04T22:03:44 GMT">
          <params>
            <param index="0">
              <value>
                <![CDATA[org.testng.TestRunner@138fe6ec]]>
              </value>
            </param>
          </params>
          <reporter-output>
          </reporter-output>
        </test-method> <!-- setupDriver -->
        <test-method status="PASS" signature="setupParameters(java.lang.String, java.lang.String)[pri:0, instance:com.newtours.tests.BookFlightTest@58651fd0]" name="setupParameters" is-config="true" duration-ms="1" started-at="2019-11-04T22:03:44 GMT" depends-on-methods="com.tests.BaseTest.setupDriver" finished-at="2019-11-04T22:03:44 GMT">
          <params>
            <param index="0">
              <value>
                <![CDATA[4]]>
              </value>
            </param>
            <param index="1">
              <value>
                <![CDATA[$2338 USD]]>
              </value>
            </param>
          </params>
          <reporter-output>
          </reporter-output>
        </test-method> <!-- setupParameters -->
        <test-method status="PASS" signature="registrationPage()[pri:0, instance:com.newtours.tests.BookFlightTest@58651fd0]" name="registrationPage" duration-ms="2304" started-at="2019-11-04T22:03:44 GMT" finished-at="2019-11-04T22:03:47 GMT">
          <reporter-output>
          </reporter-output>
        </test-method> <!-- registrationPage -->
        <test-method status="PASS" signature="registrationConfirmationPage()[pri:0, instance:com.newtours.tests.BookFlightTest@58651fd0]" name="registrationConfirmationPage" duration-ms="631" started-at="2019-11-04T22:03:47 GMT" depends-on-methods="com.newtours.tests.BookFlightTest.registrationPage" finished-at="2019-11-04T22:03:47 GMT">
          <reporter-output>
          </reporter-output>
        </test-method> <!-- registrationConfirmationPage -->
        <test-method status="PASS" signature="flightDetailsPage()[pri:0, instance:com.newtours.tests.BookFlightTest@58651fd0]" name="flightDetailsPage" duration-ms="710" started-at="2019-11-04T22:03:47 GMT" depends-on-methods="com.newtours.tests.BookFlightTest.registrationConfirmationPage" finished-at="2019-11-04T22:03:48 GMT">
          <reporter-output>
          </reporter-output>
        </test-method> <!-- flightDetailsPage -->
        <test-method status="PASS" signature="findFlightPage()[pri:0, instance:com.newtours.tests.BookFlightTest@58651fd0]" name="findFlightPage" duration-ms="1568" started-at="2019-11-04T22:03:48 GMT" depends-on-methods="com.newtours.tests.BookFlightTest.flightDetailsPage" finished-at="2019-11-04T22:03:50 GMT">
          <reporter-output>
          </reporter-output>
        </test-method> <!-- findFlightPage -->
        <test-method status="PASS" signature="flightConfirmationPage()[pri:0, instance:com.newtours.tests.BookFlightTest@58651fd0]" name="flightConfirmationPage" duration-ms="880" started-at="2019-11-04T22:03:50 GMT" depends-on-methods="com.newtours.tests.BookFlightTest.findFlightPage" finished-at="2019-11-04T22:03:50 GMT">
          <reporter-output>
          </reporter-output>
        </test-method> <!-- flightConfirmationPage -->
        <test-method status="PASS" signature="closeDriver()[pri:0, instance:com.newtours.tests.BookFlightTest@58651fd0]" name="closeDriver" is-config="true" duration-ms="62" started-at="2019-11-04T22:03:50 GMT" finished-at="2019-11-04T22:03:50 GMT">
          <reporter-output>
          </reporter-output>
        </test-method> <!-- closeDriver -->
      </class> <!-- com.newtours.tests.BookFlightTest -->
    </test> <!-- book-flight-4 -->
  </suite> <!-- book-flight-module -->
</testng-results>
